Arguments: 
  E:\Programs\New Folder\node.exe C:\Users\Максим\AppData\Roaming\npm\node_modules\yarn\bin\yarn.js add expo

PATH: 
  C:\Users\Максим\bin;E:\Programs\Git\mingw64\bin;E:\Programs\Git\usr\local\bin;E:\Programs\Git\usr\bin;E:\Programs\Git\usr\bin;E:\Programs\Git\mingw64\bin;E:\Programs\Git\usr\bin;C:\Users\Максим\bin;C:\Program Files\Common Files\Oracle\Java\javapath;C:\Program Files (x86)\Common Files\Oracle\Java\javapath;C:\Python311\Scripts;C:\Python311;C:\Windows\system32;C:\Windows;C:\Windows\System32\Wbem;C:\Windows\System32\WindowsPowerShell\v1.0;C:\Windows\System32\OpenSSH;C:\ProgramData\chocolatey\bin;E:\Programs\New Folder;E:\Programs\Git\cmd;C:\Program Files\Docker\Docker\resources\bin;C:\Users\Максим\AppData\Local\Microsoft\WindowsApps;E:\Programs\Microsoft VS Code\bin;C:\Users\Максим\AppData\Local\GitHubDesktop\bin;C:\Users\Максим\AppData\Roaming\npm;E:\Programs\Git\usr\bin\vendor_perl;E:\Programs\Git\usr\bin\core_perl

Yarn version: 
  1.22.19

Node version: 
  18.14.0

Platform: 
  win32 x64

Trace: 
  Error: https://registry.yarnpkg.com/react-native-web/-/react-native-web-0.18.12.tgz: ESOCKETTIMEDOUT
      at ClientRequest.<anonymous> (C:\Users\Максим\AppData\Roaming\npm\node_modules\yarn\lib\cli.js:141517:19)
      at Object.onceWrapper (node:events:627:28)
      at ClientRequest.emit (node:events:513:28)
      at TLSSocket.emitRequestTimeout (node:_http_client:848:9)
      at Object.onceWrapper (node:events:627:28)
      at TLSSocket.emit (node:events:525:35)
      at Socket._onTimeout (node:net:570:8)
      at listOnTimeout (node:internal/timers:569:17)
      at process.processTimers (node:internal/timers:512:7)

npm manifest: 
  {
    "name": "awesomeproject",
    "version": "1.0.0",
    "main": "node_modules/expo/AppEntry.js",
    "scripts": {
      "start": "expo start",
      "android": "expo start --android",
      "ios": "expo start --ios",
      "web": "expo start --web"
    },
    "dependencies": {
      "@expo/vector-icons": "^13.0.0",
      "@expo/webpack-config": "^18.0.1",
      "@react-native-async-storage/async-storage": "1.17.11",
      "@react-navigation/bottom-tabs": "^6.5.8",
      "@react-navigation/native": "^6.1.7",
      "@react-navigation/stack": "^6.3.17",
      "expo": "~48.0.18",
      "expo-font": "~11.1.1",
      "expo-status-bar": "~1.4.4",
      "react": "18.2.0",
      "react-dom": "18.2.0",
      "react-native": "^0.71.8",
      "react-native-gesture-handler": "~2.9.0",
      "react-native-keyboard-aware-scroll-view": "^0.9.5",
      "react-native-safe-area-context": "4.5.0",
      "react-native-screens": "~3.20.0",
      "react-native-web": "~0.18.10",
      "react-native-maps": "1.3.2",
      "expo-location": "~15.1.1",
      "expo-camera": "~13.2.1",
      "expo-media-library": "~15.2.3"
    },
    "devDependencies": {
      "@babel/core": "^7.20.0"
    },
    "private": true
  }

yarn manifest: 
  No manifest

Lockfile: 
  No lockfile
